<?xml version="1.0" encoding="UTF-8"?>
<!-- Generated by org.testng.reporters.JUnitXMLReporter -->
<testsuite ignored="0" hostname="LAPTOP-PB7A2EIU" failures="1" tests="13" name="Different TestNG Automation Features" time="86.305" errors="0" timestamp="2020-06-11T08:39:03 CDT">
  <testcase classname="com.test.GoogleTest" name="googleTitleTest" time="0.018"/>
  <testcase classname="com.test.GoogleTest" name="googleLogoTest" time="0.098"/>
  <testcase classname="com.test.GoogleTest" name="gmailLinkTextTest" time="0.073"/>
  <testcase classname="com.test.GoogleTest" name="Test1" time="0.001"/>
  <testcase classname="com.test.GoogleTest" name="Test2" time="0.001"/>
  <testcase classname="com.test.GoogleTest" name="Test3" time="0.001"/>
  <testcase classname="com.test.GoogleTitleTest" name="googleTitleTest" time="0.016">
    <failure type="java.lang.AssertionError" message="Title does not match expected [Google123] but found [Google]">
      <![CDATA[java.lang.AssertionError: Title does not match expected [Google123] but found [Google]
at com.test.GoogleTitleTest.googleTitleTest(GoogleTitleTest.java:33)
at java.base/java.util.ArrayList.forEach(ArrayList.java:1507)
... Removed 31 stack frames]]>
    </failure>
  </testcase> <!-- googleTitleTest -->
  <testcase classname="com.test.GoogleTitleTest" name="googleLogoTest" time="0.055"/>
  <testcase classname="com.test.TestNGBasics" name="googleLogoTest" time="0.002"/>
  <testcase classname="com.test.TestNGBasics" name="googleTitleTest" time="0.001"/>
  <testcase classname="com.test.TestNGBasics" name="searchTest" time="0.001"/>
  <testcase classname="com.test.TestNGFeatures" name="loginPage" time="0.001"/>
  <testcase classname="com.test.TestNGFeatures" name="HomePage" time="0.001"/>
</testsuite> <!-- Different TestNG Automation Features -->
